app/build/intermediates/manifest_merge_blame_file/debug/manifest-merger-blame-debug-report.txt
1<?xml version="1.0" encoding="utf-8"?>
2<manifest xmlns:android="http://schemas.android.com/apk/res/android"
3    android:name=".KITApp"
4    package="com.ccs.kitand"
5    android:versionCode="1"
6    android:versionName="1.0" >
7
8    <uses-sdk
9        android:minSdkVersion="21"
9-->src/main/AndroidManifest.xml
10        android:targetSdkVersion="30" />
10-->src/main/AndroidManifest.xml
11
12    <application
12-->src/main/AndroidManifest.xml:6:5-31:19
13        android:allowBackup="true"
13-->src/main/AndroidManifest.xml:7:9-35
14        android:appComponentFactory="androidx.core.app.CoreComponentFactory"
14-->[androidx.core:core:1.3.1] AndroidManifest.xml:24:18-86
15        android:debuggable="true"
16        android:icon="@mipmap/ic_launcher"
16-->src/main/AndroidManifest.xml:8:9-43
17        android:label="Key It"
17-->src/main/AndroidManifest.xml:9:9-31
18        android:roundIcon="@mipmap/ic_launcher_round"
18-->src/main/AndroidManifest.xml:10:9-54
19        android:supportsRtl="true"
19-->src/main/AndroidManifest.xml:11:9-35
20        android:testOnly="true"
21        android:theme="@style/AppTheme" >
21-->src/main/AndroidManifest.xml:12:9-40
22        <activity android:name="com.ccs.kitand.SplashActivity" >
22-->src/main/AndroidManifest.xml:13:9-19:20
22-->src/main/AndroidManifest.xml:13:19-49
23            <intent-filter>
23-->src/main/AndroidManifest.xml:14:13-18:29
24                <action android:name="android.intent.action.MAIN" />
24-->src/main/AndroidManifest.xml:15:17-69
24-->src/main/AndroidManifest.xml:15:25-66
25
26                <category android:name="android.intent.category.LAUNCHER" />
26-->src/main/AndroidManifest.xml:17:17-77
26-->src/main/AndroidManifest.xml:17:27-74
27            </intent-filter>
28        </activity>
29        <activity android:name="com.ccs.kitand.SetupActivity" />
29-->src/main/AndroidManifest.xml:20:9-60
29-->src/main/AndroidManifest.xml:20:19-48
30        <activity android:name="com.ccs.kitand.ChooseBookActivity" />
30-->src/main/AndroidManifest.xml:21:9-65
30-->src/main/AndroidManifest.xml:21:19-53
31        <activity
31-->src/main/AndroidManifest.xml:22:9-24:73
32            android:name="com.ccs.kitand.ChooseChapterActivity"
32-->src/main/AndroidManifest.xml:23:13-50
33            android:parentActivityName="com.ccs.kitand.ChooseBookActivity" />
33-->src/main/AndroidManifest.xml:24:13-61
34        <activity
34-->src/main/AndroidManifest.xml:25:9-27:76
35            android:name="com.ccs.kitand.EditChapterActivity"
35-->src/main/AndroidManifest.xml:26:13-48
36            android:parentActivityName="com.ccs.kitand.ChooseChapterActivity" />
36-->src/main/AndroidManifest.xml:27:13-64
37        <activity
37-->src/main/AndroidManifest.xml:28:9-30:74
38            android:name="com.ccs.kitand.ExportChapterActivity"
38-->src/main/AndroidManifest.xml:29:13-50
39            android:parentActivityName="com.ccs.kitand.EditChapterActivity" />
39-->src/main/AndroidManifest.xml:30:13-62
40
41        <provider
41-->[androidx.lifecycle:lifecycle-process:2.2.0] AndroidManifest.xml:25:9-29:43
42            android:name="androidx.lifecycle.ProcessLifecycleOwnerInitializer"
42-->[androidx.lifecycle:lifecycle-process:2.2.0] AndroidManifest.xml:26:13-79
43            android:authorities="com.ccs.kitand.lifecycle-process"
43-->[androidx.lifecycle:lifecycle-process:2.2.0] AndroidManifest.xml:27:13-69
44            android:exported="false"
44-->[androidx.lifecycle:lifecycle-process:2.2.0] AndroidManifest.xml:28:13-37
45            android:multiprocess="true" />
45-->[androidx.lifecycle:lifecycle-process:2.2.0] AndroidManifest.xml:29:13-40
46    </application>
47
48</manifest>